[16 Dec 2018 23:42:03] [main] [INFO] [1] com.coding.base.BaseExecution.createTestResult(BaseExecution.java:41) - Starting Browser with config--->CHROME-71
[16 Dec 2018 23:42:03] [main] [INFO] [1] com.coding.browser.LaunchBrowser.setDriver(LaunchBrowser.java:29) - Chrome_71 browser is selected
[16 Dec 2018 23:42:27] [main] [INFO] [1] com.coding.uicontroller.Wait.waitforPageLoad(Wait.java:62) - pageState iscompletewith counter1
[16 Dec 2018 23:42:27] [main] [INFO] [1] com.coding.base.BaseExecution.start(BaseExecution.java:64) - Starting Test testThatResultsAppearForAOneWayJourney -- With Description-- Fill Details and Search Flights
[16 Dec 2018 23:42:47] [main] [INFO] [1] com.coding.uicontroller.Wait.waitforPageLoad(Wait.java:62) - pageState iscompletewith counter1
[16 Dec 2018 23:42:48] [main] [INFO] [1] com.coding.base.BaseExecution.assertEqual(BaseExecution.java:104) - --Actual : Search flights -- Expected : Search flights
[16 Dec 2018 23:42:48] [main] [INFO] [1] com.coding.base.BaseExecution.endTestResult(BaseExecution.java:52) - QUIT BROWSER :CHROME_71
[16 Dec 2018 23:42:48] [main] [INFO] [1] com.coding.base.BaseExecution.closeAllOpenedWindows(BaseExecution.java:92) - Closing All Instance of the Browser
[16 Dec 2018 23:42:49] [main] [INFO] [1] com.coding.base.BaseExecution.TerminateTest(BaseExecution.java:79) - Closing TestSuite.....
[16 Dec 2018 23:47:43] [main] [INFO] [1] com.coding.base.BaseExecution.createTestResult(BaseExecution.java:41) - Starting Browser with config--->FIREFOX-71
[16 Dec 2018 23:47:43] [main] [INFO] [1] com.coding.browser.LaunchBrowser.setDriver(LaunchBrowser.java:64) - Firefox_71 browser is selected
[16 Dec 2018 23:47:49] [main] [INFO] [1] com.coding.base.BaseExecution.start(BaseExecution.java:64) - Starting Test testThatResultsAppearForAOneWayJourney -- With Description-- Fill Details and Search Flights
[16 Dec 2018 23:47:49] [main] [INFO] [1] com.coding.base.BaseExecution.endTestResult(BaseExecution.java:52) - QUIT BROWSER :null
[16 Dec 2018 23:47:49] [main] [INFO] [1] com.coding.base.BaseExecution.closeAllOpenedWindows(BaseExecution.java:92) - Closing All Instance of the Browser
[16 Dec 2018 23:47:49] [main] [ERROR] [1] com.coding.base.BaseExecution.endTestResult(BaseExecution.java:56) - Issue in Closing Test Result
[16 Dec 2018 23:47:49] [main] [INFO] [1] com.coding.base.BaseExecution.TerminateTest(BaseExecution.java:79) - Closing TestSuite.....
[16 Dec 2018 23:48:11] [main] [INFO] [1] com.coding.base.BaseExecution.createTestResult(BaseExecution.java:41) - Starting Browser with config--->FIREFOX-71
[16 Dec 2018 23:48:11] [main] [INFO] [1] com.coding.browser.LaunchBrowser.setDriver(LaunchBrowser.java:64) - Firefox_71 browser is selected
[16 Dec 2018 23:48:17] [main] [INFO] [1] com.coding.base.BaseExecution.start(BaseExecution.java:64) - Starting Test testThatResultsAppearForAOneWayJourney -- With Description-- Fill Details and Search Flights
[16 Dec 2018 23:48:17] [main] [INFO] [1] com.coding.base.BaseExecution.endTestResult(BaseExecution.java:52) - QUIT BROWSER :null
[16 Dec 2018 23:48:17] [main] [INFO] [1] com.coding.base.BaseExecution.closeAllOpenedWindows(BaseExecution.java:92) - Closing All Instance of the Browser
[16 Dec 2018 23:48:17] [main] [ERROR] [1] com.coding.base.BaseExecution.endTestResult(BaseExecution.java:56) - Issue in Closing Test Result
[16 Dec 2018 23:48:17] [main] [INFO] [1] com.coding.base.BaseExecution.TerminateTest(BaseExecution.java:79) - Closing TestSuite.....
[16 Dec 2018 23:57:35] [main] [INFO] [1] com.coding.base.BaseExecution.createTestResult(BaseExecution.java:41) - Starting Browser with config--->CHROME-71
[16 Dec 2018 23:57:35] [main] [INFO] [1] com.coding.browser.LaunchBrowser.setDriver(LaunchBrowser.java:29) - Chrome_71 browser is selected
[16 Dec 2018 23:57:56] [main] [INFO] [1] com.coding.uicontroller.Wait.waitforPageLoad(Wait.java:62) - pageState iscompletewith counter1
[16 Dec 2018 23:57:56] [main] [INFO] [1] com.coding.base.BaseExecution.start(BaseExecution.java:64) - Starting Test testThatResultsAppearForAOneWayJourney -- With Description-- Fill Details and Search Flights
[16 Dec 2018 23:58:15] [main] [INFO] [1] com.coding.uicontroller.Wait.waitforPageLoad(Wait.java:62) - pageState iscompletewith counter1
[16 Dec 2018 23:58:16] [main] [INFO] [1] com.coding.base.BaseExecution.assertEqual(BaseExecution.java:104) - --Actual : Search flights -- Expected : Search flights
[16 Dec 2018 23:59:17] [main] [INFO] [1] com.coding.base.BaseExecution.endTestResult(BaseExecution.java:52) - QUIT BROWSER :CHROME_71
[16 Dec 2018 23:59:17] [main] [INFO] [1] com.coding.base.BaseExecution.closeAllOpenedWindows(BaseExecution.java:92) - Closing All Instance of the Browser
[16 Dec 2018 23:59:18] [main] [INFO] [1] com.coding.base.BaseExecution.TerminateTest(BaseExecution.java:79) - Closing TestSuite.....
[17 Dec 2018 00:00:31] [main] [INFO] [1] com.coding.base.BaseExecution.createTestResult(BaseExecution.java:41) - Starting Browser with config--->CHROME-71
[17 Dec 2018 00:00:31] [main] [INFO] [1] com.coding.browser.LaunchBrowser.setDriver(LaunchBrowser.java:29) - Chrome_71 browser is selected
[17 Dec 2018 00:00:53] [main] [INFO] [1] com.coding.uicontroller.Wait.waitforPageLoad(Wait.java:62) - pageState iscompletewith counter1
[17 Dec 2018 00:00:53] [main] [INFO] [1] com.coding.base.BaseExecution.start(BaseExecution.java:64) - Starting Test testThatResultsAppearForAOneWayJourney -- With Description-- Fill Details and Search Flights
[17 Dec 2018 00:01:22] [main] [INFO] [1] com.coding.uicontroller.Wait.waitforPageLoad(Wait.java:62) - pageState iscompletewith counter1
[17 Dec 2018 00:01:27] [main] [INFO] [1] com.coding.base.BaseExecution.assertEqual(BaseExecution.java:104) - --Actual : Search flights -- Expected : Search flights
[17 Dec 2018 00:03:40] [main] [INFO] [1] com.coding.uicontroller.Wait.waitforPageLoad(Wait.java:62) - pageState iscompletewith counter1
[17 Dec 2018 00:04:12] [main] [INFO] [1] com.coding.base.BaseExecution.assertEqual(BaseExecution.java:104) - --Actual : Search flights -- Expected : Search flights
[17 Dec 2018 00:05:38] [main] [INFO] [1] com.coding.uicontroller.Wait.waitforPageLoad(Wait.java:62) - pageState iscompletewith counter1
[17 Dec 2018 00:05:58] [main] [INFO] [1] com.coding.base.BaseExecution.assertEqual(BaseExecution.java:104) - --Actual : Search flights -- Expected : Search flights
[17 Dec 2018 00:14:48] [main] [INFO] [1] com.coding.base.BaseExecution.createTestResult(BaseExecution.java:41) - Starting Browser with config--->CHROME-71
[17 Dec 2018 00:14:48] [main] [INFO] [1] com.coding.browser.LaunchBrowser.setDriver(LaunchBrowser.java:29) - Chrome_71 browser is selected
[17 Dec 2018 00:15:14] [main] [INFO] [1] com.coding.uicontroller.Wait.waitforPageLoad(Wait.java:62) - pageState iscompletewith counter1
[17 Dec 2018 00:15:14] [main] [INFO] [1] com.coding.base.BaseExecution.start(BaseExecution.java:64) - Starting Test testThatResultsAppearForAOneWayJourney -- With Description-- Fill Details and Search Hotels
[17 Dec 2018 00:15:33] [main] [INFO] [1] com.coding.uicontroller.Wait.waitforPageLoad(Wait.java:62) - pageState iscompletewith counter1
[17 Dec 2018 00:15:33] [main] [INFO] [1] com.coding.base.BaseExecution.assertEqual(BaseExecution.java:104) - --Actual : Search for hotels -- Expected : Search for hotels
[17 Dec 2018 00:15:54] [main] [ERROR] [1] com.coding.uicontroller.Wait.isElementClickable(Wait.java:86) - Web Element Not Clickable after 20 sec wait : [[ChromeDriver: chrome on XP (8d85dda2b489e62d5a0f74ee22c1e06d)] -> css selector: input#SearchHotelsButton]
[17 Dec 2018 00:16:54] [main] [INFO] [1] com.coding.base.BaseExecution.endTestResult(BaseExecution.java:52) - QUIT BROWSER :CHROME_71
[17 Dec 2018 00:16:54] [main] [INFO] [1] com.coding.base.BaseExecution.closeAllOpenedWindows(BaseExecution.java:92) - Closing All Instance of the Browser
[17 Dec 2018 00:16:55] [main] [INFO] [1] com.coding.base.BaseExecution.TerminateTest(BaseExecution.java:79) - Closing TestSuite.....
[17 Dec 2018 00:20:11] [main] [INFO] [1] com.coding.base.BaseExecution.createTestResult(BaseExecution.java:41) - Starting Browser with config--->CHROME-71
[17 Dec 2018 00:20:11] [main] [INFO] [1] com.coding.browser.LaunchBrowser.setDriver(LaunchBrowser.java:29) - Chrome_71 browser is selected
[17 Dec 2018 00:20:33] [main] [INFO] [1] com.coding.uicontroller.Wait.waitforPageLoad(Wait.java:62) - pageState iscompletewith counter1
[17 Dec 2018 00:20:34] [main] [INFO] [1] com.coding.base.BaseExecution.start(BaseExecution.java:64) - Starting Test testThatResultsAppearForAOneWayJourney -- With Description-- Fill Details and Search Hotels
[17 Dec 2018 00:20:51] [main] [INFO] [1] com.coding.uicontroller.Wait.waitforPageLoad(Wait.java:62) - pageState iscompletewith counter1
[17 Dec 2018 00:20:51] [main] [INFO] [1] com.coding.base.BaseExecution.assertEqual(BaseExecution.java:104) - --Actual : Search for hotels -- Expected : Search for hotels
[17 Dec 2018 00:20:55] [main] [INFO] [1] com.coding.base.BaseExecution.assertEqual(BaseExecution.java:104) - --Actual : true -- Expected : true
[17 Dec 2018 00:20:55] [main] [INFO] [1] com.coding.pages.HotelBookingPage.fillDetailsHotelBooking(HotelBookingPage.java:32) - Seach Summary is Present
[17 Dec 2018 00:20:55] [main] [INFO] [1] com.coding.base.BaseExecution.endTestResult(BaseExecution.java:52) - QUIT BROWSER :CHROME_71
[17 Dec 2018 00:20:55] [main] [INFO] [1] com.coding.base.BaseExecution.closeAllOpenedWindows(BaseExecution.java:92) - Closing All Instance of the Browser
[17 Dec 2018 00:20:55] [main] [INFO] [1] com.coding.base.BaseExecution.TerminateTest(BaseExecution.java:79) - Closing TestSuite.....
[17 Dec 2018 00:22:59] [main] [INFO] [1] com.coding.base.BaseExecution.createTestResult(BaseExecution.java:41) - Starting Browser with config--->CHROME-71
[17 Dec 2018 00:22:59] [main] [INFO] [1] com.coding.browser.LaunchBrowser.setDriver(LaunchBrowser.java:29) - Chrome_71 browser is selected
[17 Dec 2018 00:23:21] [main] [INFO] [1] com.coding.uicontroller.Wait.waitforPageLoad(Wait.java:62) - pageState iscompletewith counter1
[17 Dec 2018 00:23:21] [main] [INFO] [1] com.coding.base.BaseExecution.start(BaseExecution.java:64) - Starting Test testThatResultsAppearForAOneWayJourney -- With Description-- Fill Details and Search Hotels
[17 Dec 2018 00:24:04] [main] [INFO] [1] com.coding.uicontroller.Wait.waitforPageLoad(Wait.java:62) - pageState iscompletewith counter1
[17 Dec 2018 00:24:08] [main] [INFO] [1] com.coding.base.BaseExecution.assertEqual(BaseExecution.java:104) - --Actual : Search for hotels -- Expected : Search for hotels
[17 Dec 2018 00:24:46] [main] [INFO] [1] com.coding.uicontroller.Wait.waitforPageLoad(Wait.java:62) - pageState iscompletewith counter1
[17 Dec 2018 00:24:51] [main] [INFO] [1] com.coding.base.BaseExecution.assertEqual(BaseExecution.java:104) - --Actual : true -- Expected : true
[17 Dec 2018 00:24:52] [main] [INFO] [1] com.coding.pages.HotelBookingPage.fillDetailsHotelBooking(HotelBookingPage.java:32) - Seach Summary is Present
[17 Dec 2018 00:28:04] [main] [INFO] [1] com.coding.base.BaseExecution.createTestResult(BaseExecution.java:41) - Starting Browser with config--->CHROME-71
[17 Dec 2018 00:28:04] [main] [INFO] [1] com.coding.browser.LaunchBrowser.setDriver(LaunchBrowser.java:29) - Chrome_71 browser is selected
[17 Dec 2018 00:28:26] [main] [INFO] [1] com.coding.uicontroller.Wait.waitforPageLoad(Wait.java:62) - pageState iscompletewith counter1
[17 Dec 2018 00:28:26] [main] [INFO] [1] com.coding.base.BaseExecution.start(BaseExecution.java:64) - Starting Test testThatResultsAppearForAOneWayJourney -- With Description-- Fill Details and Search Flights
[17 Dec 2018 00:28:59] [main] [INFO] [1] com.coding.uicontroller.Wait.waitforPageLoad(Wait.java:62) - pageState iscompletewith counter1
[17 Dec 2018 00:29:03] [main] [INFO] [1] com.coding.base.BaseExecution.assertEqual(BaseExecution.java:104) - --Actual : Search flights -- Expected : Search flights
[17 Dec 2018 00:34:51] [main] [INFO] [1] com.coding.base.BaseExecution.createTestResult(BaseExecution.java:41) - Starting Browser with config--->CHROME-71
[17 Dec 2018 00:34:51] [main] [INFO] [1] com.coding.browser.LaunchBrowser.setDriver(LaunchBrowser.java:29) - Chrome_71 browser is selected
[17 Dec 2018 00:35:14] [main] [INFO] [1] com.coding.uicontroller.Wait.waitforPageLoad(Wait.java:62) - pageState iscompletewith counter1
[17 Dec 2018 00:35:14] [main] [INFO] [1] com.coding.base.BaseExecution.start(BaseExecution.java:64) - Starting Test testThatResultsAppearForAOneWayJourney -- With Description-- Fill Details and Search Flights
[17 Dec 2018 00:35:32] [main] [INFO] [1] com.coding.uicontroller.Wait.waitforPageLoad(Wait.java:62) - pageState iscompletewith counter1
[17 Dec 2018 00:35:32] [main] [INFO] [1] com.coding.base.BaseExecution.assertEqual(BaseExecution.java:104) - --Actual : Search flights -- Expected : Search flights
[17 Dec 2018 00:35:37] [main] [ERROR] [1] com.coding.uicontroller.Click.buttonClick(Click.java:30) - Click Button Web Element Not Located : By.cssSelector: ul#ui-id-2>li>a
[17 Dec 2018 00:35:37] [main] [INFO] [1] com.coding.base.BaseExecution.endTestResult(BaseExecution.java:52) - QUIT BROWSER :CHROME_71
[17 Dec 2018 00:35:37] [main] [INFO] [1] com.coding.base.BaseExecution.closeAllOpenedWindows(BaseExecution.java:92) - Closing All Instance of the Browser
[17 Dec 2018 00:35:38] [main] [INFO] [1] com.coding.base.BaseExecution.TerminateTest(BaseExecution.java:79) - Closing TestSuite.....
[17 Dec 2018 00:36:44] [main] [INFO] [1] com.coding.base.BaseExecution.createTestResult(BaseExecution.java:41) - Starting Browser with config--->CHROME-71
[17 Dec 2018 00:36:44] [main] [INFO] [1] com.coding.browser.LaunchBrowser.setDriver(LaunchBrowser.java:29) - Chrome_71 browser is selected
[17 Dec 2018 00:37:05] [main] [INFO] [1] com.coding.uicontroller.Wait.waitforPageLoad(Wait.java:62) - pageState iscompletewith counter1
[17 Dec 2018 00:37:05] [main] [INFO] [1] com.coding.base.BaseExecution.start(BaseExecution.java:64) - Starting Test testThatResultsAppearForAOneWayJourney -- With Description-- Fill Details and Search Flights
[17 Dec 2018 00:37:24] [main] [INFO] [1] com.coding.uicontroller.Wait.waitforPageLoad(Wait.java:62) - pageState iscompletewith counter1
[17 Dec 2018 00:37:24] [main] [INFO] [1] com.coding.base.BaseExecution.assertEqual(BaseExecution.java:104) - --Actual : Search flights -- Expected : Search flights
[17 Dec 2018 00:37:31] [main] [ERROR] [1] com.coding.uicontroller.Click.buttonClick(Click.java:30) - Click Button Web Element Not Located : By.cssSelector: ul#ui-id-2>li>a
[17 Dec 2018 00:37:31] [main] [INFO] [1] com.coding.base.BaseExecution.endTestResult(BaseExecution.java:52) - QUIT BROWSER :CHROME_71
[17 Dec 2018 00:37:31] [main] [INFO] [1] com.coding.base.BaseExecution.closeAllOpenedWindows(BaseExecution.java:92) - Closing All Instance of the Browser
[17 Dec 2018 00:37:32] [main] [INFO] [1] com.coding.base.BaseExecution.TerminateTest(BaseExecution.java:79) - Closing TestSuite.....
[17 Dec 2018 00:51:41] [main] [INFO] [1] com.coding.base.BaseExecution.createTestResult(BaseExecution.java:44) - Starting Browser with config--->CHROME-71
[17 Dec 2018 00:51:41] [main] [INFO] [1] com.coding.browser.LaunchBrowser.setDriver(LaunchBrowser.java:29) - Chrome_71 browser is selected
[17 Dec 2018 00:52:03] [main] [INFO] [1] com.coding.uicontroller.Wait.waitforPageLoad(Wait.java:62) - pageState iscompletewith counter1
[17 Dec 2018 00:52:03] [main] [INFO] [1] com.coding.base.BaseExecution.start(BaseExecution.java:67) - Starting Test shouldThrowAnErrorIfSignInDetailsAreMissing -- With Description-- Login without credientials
[17 Dec 2018 00:52:03] [main] [INFO] [1] com.coding.pages.SignInPage.loginInVerifyErrorMessage(SignInPage.java:17) - Click on User Profile Link
[17 Dec 2018 00:52:06] [main] [INFO] [1] com.coding.pages.SignInPage.loginInVerifyErrorMessage(SignInPage.java:19) - Click on SignIn Link
[17 Dec 2018 00:52:07] [main] [INFO] [1] com.coding.base.BaseExecution.assertEqual(BaseExecution.java:107) - --Actual : There were errors in your submission -- Expected : There were errors in your submission
[17 Dec 2018 00:52:43] [main] [ERROR] [1] com.coding.uicontroller.Click.buttonClick(Click.java:17) - Click Button Web Element Not Located : By.id: close
[17 Dec 2018 00:52:43] [main] [INFO] [1] com.coding.base.BaseExecution.start(BaseExecution.java:67) - Starting Test testThatResultsAppearForAOneWayJourney -- With Description-- Fill Details and Search Flights
[17 Dec 2018 00:52:43] [main] [ERROR] [1] com.coding.uicontroller.Click.buttonClick(Click.java:17) - Click Button Web Element Not Located : By.linkText: Flights
[17 Dec 2018 00:52:43] [main] [INFO] [1] com.coding.base.BaseExecution.start(BaseExecution.java:67) - Starting Test testThatResultsAppearForAOneWayJourney -- With Description-- Fill Details and Search Hotels
[17 Dec 2018 00:52:43] [main] [ERROR] [1] com.coding.uicontroller.Click.buttonClick(Click.java:17) - Click Button Web Element Not Located : By.linkText: Hotels
[17 Dec 2018 00:52:43] [main] [INFO] [1] com.coding.base.BaseExecution.endTestResult(BaseExecution.java:55) - QUIT BROWSER :CHROME_71
[17 Dec 2018 00:52:43] [main] [INFO] [1] com.coding.base.BaseExecution.closeAllOpenedWindows(BaseExecution.java:95) - Closing All Instance of the Browser
[17 Dec 2018 00:52:44] [main] [INFO] [1] com.coding.base.BaseExecution.TerminateTest(BaseExecution.java:82) - Closing TestSuite.....
[17 Dec 2018 00:54:31] [main] [INFO] [1] com.coding.base.BaseExecution.createTestResult(BaseExecution.java:44) - Starting Browser with config--->CHROME-71
[17 Dec 2018 00:54:31] [main] [INFO] [1] com.coding.browser.LaunchBrowser.setDriver(LaunchBrowser.java:29) - Chrome_71 browser is selected
[17 Dec 2018 00:54:55] [main] [INFO] [1] com.coding.uicontroller.Wait.waitforPageLoad(Wait.java:62) - pageState iscompletewith counter1
[17 Dec 2018 00:54:55] [main] [INFO] [1] com.coding.base.BaseExecution.start(BaseExecution.java:67) - Starting Test shouldThrowAnErrorIfSignInDetailsAreMissing -- With Description-- Login without credientials
[17 Dec 2018 00:54:55] [main] [INFO] [1] com.coding.pages.SignInPage.loginInVerifyErrorMessage(SignInPage.java:17) - Click on User Profile Link
[17 Dec 2018 00:54:59] [main] [INFO] [1] com.coding.pages.SignInPage.loginInVerifyErrorMessage(SignInPage.java:19) - Click on SignIn Link
[17 Dec 2018 00:55:00] [main] [INFO] [1] com.coding.base.BaseExecution.assertEqual(BaseExecution.java:107) - --Actual : There were errors in your submission -- Expected : There were errors in your submission
[17 Dec 2018 00:56:00] [main] [ERROR] [1] com.coding.uicontroller.Click.buttonClick(Click.java:17) - Click Button Web Element Not Located : By.cssSelector: a#close
[17 Dec 2018 00:56:21] [main] [INFO] [1] com.coding.uicontroller.Wait.waitforPageLoad(Wait.java:62) - pageState iscompletewith counter1
[17 Dec 2018 00:56:21] [main] [INFO] [1] com.coding.base.BaseExecution.switchToHomePage(BaseExecution.java:115) - Switch back to Home page
[17 Dec 2018 00:56:21] [main] [INFO] [1] com.coding.base.BaseExecution.start(BaseExecution.java:67) - Starting Test testThatResultsAppearForAOneWayJourney -- With Description-- Fill Details and Search Flights
[17 Dec 2018 00:56:42] [main] [INFO] [1] com.coding.uicontroller.Wait.waitforPageLoad(Wait.java:62) - pageState iscompletewith counter1
[17 Dec 2018 00:56:42] [main] [INFO] [1] com.coding.base.BaseExecution.assertEqual(BaseExecution.java:107) - --Actual : Search flights -- Expected : Search flights
[17 Dec 2018 00:56:45] [main] [ERROR] [1] com.coding.uicontroller.Click.buttonClick(Click.java:30) - Click Button Web Element Not Located : By.cssSelector: ul#ui-id-1>li>a
[17 Dec 2018 00:57:04] [main] [INFO] [1] com.coding.uicontroller.Wait.waitforPageLoad(Wait.java:62) - pageState iscompletewith counter1
[17 Dec 2018 00:57:04] [main] [INFO] [1] com.coding.base.BaseExecution.switchToHomePage(BaseExecution.java:115) - Switch back to Home page
[17 Dec 2018 00:57:04] [main] [INFO] [1] com.coding.base.BaseExecution.start(BaseExecution.java:67) - Starting Test testThatResultsAppearForAOneWayJourney -- With Description-- Fill Details and Search Hotels
[17 Dec 2018 00:57:27] [main] [INFO] [1] com.coding.uicontroller.Wait.waitforPageLoad(Wait.java:62) - pageState iscompletewith counter1
[17 Dec 2018 00:57:27] [main] [INFO] [1] com.coding.base.BaseExecution.assertEqual(BaseExecution.java:107) - --Actual : Search for hotels -- Expected : Search for hotels
[17 Dec 2018 00:57:29] [main] [ERROR] [1] com.coding.uicontroller.Click.buttonClick(Click.java:30) - Click Button Web Element Not Located : By.cssSelector: ul#ui-id-1>li>a
[17 Dec 2018 00:57:47] [main] [INFO] [1] com.coding.uicontroller.Wait.waitforPageLoad(Wait.java:62) - pageState iscompletewith counter1
[17 Dec 2018 00:57:47] [main] [INFO] [1] com.coding.base.BaseExecution.switchToHomePage(BaseExecution.java:115) - Switch back to Home page
[17 Dec 2018 00:57:47] [main] [INFO] [1] com.coding.base.BaseExecution.endTestResult(BaseExecution.java:55) - QUIT BROWSER :CHROME_71
[17 Dec 2018 00:57:47] [main] [INFO] [1] com.coding.base.BaseExecution.closeAllOpenedWindows(BaseExecution.java:95) - Closing All Instance of the Browser
[17 Dec 2018 00:57:48] [main] [INFO] [1] com.coding.base.BaseExecution.TerminateTest(BaseExecution.java:82) - Closing TestSuite.....
[17 Dec 2018 00:59:45] [main] [INFO] [1] com.coding.base.BaseExecution.createTestResult(BaseExecution.java:44) - Starting Browser with config--->CHROME-71
[17 Dec 2018 00:59:45] [main] [INFO] [1] com.coding.browser.LaunchBrowser.setDriver(LaunchBrowser.java:29) - Chrome_71 browser is selected
[17 Dec 2018 01:00:07] [main] [INFO] [1] com.coding.uicontroller.Wait.waitforPageLoad(Wait.java:62) - pageState iscompletewith counter1
[17 Dec 2018 01:00:07] [main] [INFO] [1] com.coding.base.BaseExecution.start(BaseExecution.java:67) - Starting Test shouldThrowAnErrorIfSignInDetailsAreMissing -- With Description-- Login without credientials
[17 Dec 2018 01:00:07] [main] [INFO] [1] com.coding.pages.SignInPage.loginInVerifyErrorMessage(SignInPage.java:17) - Click on User Profile Link
[17 Dec 2018 01:00:11] [main] [INFO] [1] com.coding.pages.SignInPage.loginInVerifyErrorMessage(SignInPage.java:19) - Click on SignIn Link
[17 Dec 2018 01:00:12] [main] [INFO] [1] com.coding.base.BaseExecution.assertEqual(BaseExecution.java:107) - --Actual : There were errors in your submission -- Expected : There were errors in your submission
[17 Dec 2018 01:01:12] [main] [ERROR] [1] com.coding.uicontroller.Click.buttonClick(Click.java:17) - Click Button Web Element Not Located : By.cssSelector: a#close
[17 Dec 2018 01:01:31] [main] [INFO] [1] com.coding.uicontroller.Wait.waitforPageLoad(Wait.java:62) - pageState iscompletewith counter1
[17 Dec 2018 01:01:31] [main] [INFO] [1] com.coding.base.BaseExecution.switchToHomePage(BaseExecution.java:115) - Switch back to Home page
[17 Dec 2018 01:01:31] [main] [INFO] [1] com.coding.base.BaseExecution.start(BaseExecution.java:67) - Starting Test testThatResultsAppearForAOneWayJourney -- With Description-- Fill Details and Search Flights
[17 Dec 2018 01:01:49] [main] [INFO] [1] com.coding.uicontroller.Wait.waitforPageLoad(Wait.java:62) - pageState iscompletewith counter1
[17 Dec 2018 01:01:49] [main] [INFO] [1] com.coding.base.BaseExecution.assertEqual(BaseExecution.java:107) - --Actual : Search flights -- Expected : Search flights
[17 Dec 2018 01:01:57] [main] [INFO] [1] com.coding.base.BaseExecution.assertEqual(BaseExecution.java:107) - --Actual : true -- Expected : true
[17 Dec 2018 01:01:57] [main] [INFO] [1] com.coding.pages.FlightBookingPage.fillDetailsSearchFlight(FlightBookingPage.java:35) - Seach Summary is Present
[17 Dec 2018 01:02:20] [main] [INFO] [1] com.coding.uicontroller.Wait.waitforPageLoad(Wait.java:62) - pageState iscompletewith counter1
[17 Dec 2018 01:02:20] [main] [INFO] [1] com.coding.base.BaseExecution.switchToHomePage(BaseExecution.java:115) - Switch back to Home page
[17 Dec 2018 01:02:20] [main] [INFO] [1] com.coding.base.BaseExecution.start(BaseExecution.java:67) - Starting Test testThatResultsAppearForAOneWayJourney -- With Description-- Fill Details and Search Hotels
[17 Dec 2018 01:02:41] [main] [INFO] [1] com.coding.uicontroller.Wait.waitforPageLoad(Wait.java:62) - pageState iscompletewith counter1
[17 Dec 2018 01:02:41] [main] [INFO] [1] com.coding.base.BaseExecution.assertEqual(BaseExecution.java:107) - --Actual : Search for hotels -- Expected : Search for hotels
[17 Dec 2018 01:02:45] [main] [INFO] [1] com.coding.base.BaseExecution.assertEqual(BaseExecution.java:107) - --Actual : true -- Expected : true
[17 Dec 2018 01:02:45] [main] [INFO] [1] com.coding.pages.HotelBookingPage.fillDetailsHotelBooking(HotelBookingPage.java:32) - Seach Summary is Present
[17 Dec 2018 01:03:02] [main] [INFO] [1] com.coding.uicontroller.Wait.waitforPageLoad(Wait.java:62) - pageState iscompletewith counter1
[17 Dec 2018 01:03:02] [main] [INFO] [1] com.coding.base.BaseExecution.switchToHomePage(BaseExecution.java:115) - Switch back to Home page
[17 Dec 2018 01:03:02] [main] [INFO] [1] com.coding.base.BaseExecution.endTestResult(BaseExecution.java:55) - QUIT BROWSER :CHROME_71
[17 Dec 2018 01:03:02] [main] [INFO] [1] com.coding.base.BaseExecution.closeAllOpenedWindows(BaseExecution.java:95) - Closing All Instance of the Browser
[17 Dec 2018 01:03:03] [main] [INFO] [1] com.coding.base.BaseExecution.TerminateTest(BaseExecution.java:82) - Closing TestSuite.....
[17 Dec 2018 11:33:15] [main] [INFO] [1] com.coding.base.BaseExecution.createTestResult(BaseExecution.java:44) - Starting Browser with config--->CHROME-71
[17 Dec 2018 11:33:15] [main] [INFO] [1] com.coding.browser.LaunchBrowser.setDriver(LaunchBrowser.java:29) - Chrome_71 browser is selected
[17 Dec 2018 11:33:46] [main] [INFO] [1] com.coding.uicontroller.Wait.waitforPageLoad(Wait.java:62) - pageState iscompletewith counter1
[17 Dec 2018 11:33:46] [main] [INFO] [1] com.coding.base.BaseExecution.start(BaseExecution.java:67) - Starting Test shouldThrowAnErrorIfSignInDetailsAreMissing -- With Description-- Login without credientials
[17 Dec 2018 11:33:46] [main] [INFO] [1] com.coding.pages.SignInPage.loginInVerifyErrorMessage(SignInPage.java:17) - Click on User Profile Link
[17 Dec 2018 11:34:34] [main] [INFO] [1] com.coding.pages.SignInPage.loginInVerifyErrorMessage(SignInPage.java:19) - Click on SignIn Link
[17 Dec 2018 11:34:35] [main] [INFO] [1] com.coding.base.BaseExecution.assertEqual(BaseExecution.java:107) - --Actual : There were errors in your submission -- Expected : There were errors in your submission
[17 Dec 2018 11:34:35] [main] [INFO] [1] com.coding.pages.SignInPage.loginInVerifyErrorMessage(SignInPage.java:26) - Click on cross Icon
[17 Dec 2018 11:34:54] [main] [INFO] [1] com.coding.uicontroller.Wait.waitforPageLoad(Wait.java:62) - pageState iscompletewith counter1
[17 Dec 2018 11:34:55] [main] [INFO] [1] com.coding.base.BaseExecution.switchToHomePage(BaseExecution.java:115) - Switch back to Home page
[17 Dec 2018 11:34:55] [main] [INFO] [1] com.coding.base.BaseExecution.start(BaseExecution.java:67) - Starting Test testThatResultsAppearForAOneWayJourney -- With Description-- Fill Details and Search Flights
[17 Dec 2018 11:35:29] [main] [INFO] [1] com.coding.uicontroller.Wait.waitforPageLoad(Wait.java:62) - pageState iscompletewith counter1
[17 Dec 2018 11:35:29] [main] [INFO] [1] com.coding.base.BaseExecution.assertEqual(BaseExecution.java:107) - --Actual : Search flights -- Expected : Search flights
[17 Dec 2018 11:35:35] [main] [ERROR] [1] com.coding.uicontroller.Click.buttonClick(Click.java:30) - Click Button Web Element Not Located : By.cssSelector: ul#ui-id-2>li>a
[17 Dec 2018 11:35:54] [main] [INFO] [1] com.coding.uicontroller.Wait.waitforPageLoad(Wait.java:62) - pageState iscompletewith counter1
[17 Dec 2018 11:35:54] [main] [INFO] [1] com.coding.base.BaseExecution.switchToHomePage(BaseExecution.java:115) - Switch back to Home page
[17 Dec 2018 11:35:54] [main] [INFO] [1] com.coding.base.BaseExecution.start(BaseExecution.java:67) - Starting Test testThatResultsAppearForAOneWayJourney -- With Description-- Fill Details and Search Hotels
[17 Dec 2018 11:36:33] [main] [INFO] [1] com.coding.uicontroller.Wait.waitforPageLoad(Wait.java:62) - pageState iscompletewith counter1
[17 Dec 2018 11:36:33] [main] [INFO] [1] com.coding.base.BaseExecution.assertEqual(BaseExecution.java:107) - --Actual : Search for hotels -- Expected : Search for hotels
[17 Dec 2018 11:36:35] [main] [ERROR] [1] com.coding.uicontroller.Click.buttonClick(Click.java:30) - Click Button Web Element Not Located : By.cssSelector: ul#ui-id-1>li>a
[17 Dec 2018 11:36:56] [main] [INFO] [1] com.coding.uicontroller.Wait.waitforPageLoad(Wait.java:62) - pageState iscompletewith counter1
[17 Dec 2018 11:36:56] [main] [INFO] [1] com.coding.base.BaseExecution.switchToHomePage(BaseExecution.java:115) - Switch back to Home page
[17 Dec 2018 11:36:56] [main] [INFO] [1] com.coding.base.BaseExecution.endTestResult(BaseExecution.java:55) - QUIT BROWSER :CHROME_71
[17 Dec 2018 11:36:56] [main] [INFO] [1] com.coding.base.BaseExecution.closeAllOpenedWindows(BaseExecution.java:95) - Closing All Instance of the Browser
[17 Dec 2018 11:36:57] [main] [INFO] [1] com.coding.base.BaseExecution.TerminateTest(BaseExecution.java:82) - Closing TestSuite.....
[17 Dec 2018 11:50:06] [main] [INFO] [1] com.coding.base.BaseExecution.createTestResult(BaseExecution.java:44) - Starting Browser with config--->CHROME-71
[17 Dec 2018 11:50:06] [main] [INFO] [1] com.coding.browser.LaunchBrowser.setDriver(LaunchBrowser.java:29) - Chrome_71 browser is selected
[17 Dec 2018 11:50:27] [main] [INFO] [1] com.coding.uicontroller.Wait.waitforPageLoad(Wait.java:62) - pageState iscompletewith counter1
[17 Dec 2018 11:50:27] [main] [INFO] [1] com.coding.base.BaseExecution.start(BaseExecution.java:67) - Starting Test shouldThrowAnErrorIfSignInDetailsAreMissing -- With Description-- Login without credientials
[17 Dec 2018 11:50:27] [main] [INFO] [1] com.coding.pages.SignInPage.loginInVerifyErrorMessage(SignInPage.java:17) - Click on User Profile Link
[17 Dec 2018 11:50:30] [main] [INFO] [1] com.coding.pages.SignInPage.loginInVerifyErrorMessage(SignInPage.java:19) - Click on SignIn Link
[17 Dec 2018 11:50:30] [main] [INFO] [1] com.coding.base.BaseExecution.assertEqual(BaseExecution.java:107) - --Actual : There were errors in your submission -- Expected : There were errors in your submission
[17 Dec 2018 11:51:30] [main] [ERROR] [1] com.coding.uicontroller.Click.buttonClick(Click.java:17) - Click Button Web Element Not Located : By.cssSelector: a#close
[17 Dec 2018 11:51:47] [main] [INFO] [1] com.coding.uicontroller.Wait.waitforPageLoad(Wait.java:62) - pageState iscompletewith counter1
[17 Dec 2018 11:51:47] [main] [INFO] [1] com.coding.base.BaseExecution.switchToHomePage(BaseExecution.java:115) - Switch back to Home page
[17 Dec 2018 11:51:47] [main] [INFO] [1] com.coding.base.BaseExecution.start(BaseExecution.java:67) - Starting Test testThatResultsAppearForAOneWayJourney -- With Description-- Fill Details and Search Flights
[17 Dec 2018 11:52:05] [main] [INFO] [1] com.coding.uicontroller.Wait.waitforPageLoad(Wait.java:62) - pageState iscompletewith counter1
[17 Dec 2018 11:52:05] [main] [INFO] [1] com.coding.base.BaseExecution.assertEqual(BaseExecution.java:107) - --Actual : Search flights -- Expected : Search flights
[17 Dec 2018 11:52:13] [main] [ERROR] [1] com.coding.uicontroller.Click.buttonClick(Click.java:30) - Click Button Web Element Not Located : By.cssSelector: ul#ui-id-1>li>a
[17 Dec 2018 11:52:32] [main] [INFO] [1] com.coding.uicontroller.Wait.waitforPageLoad(Wait.java:62) - pageState iscompletewith counter1
[17 Dec 2018 11:52:32] [main] [INFO] [1] com.coding.base.BaseExecution.switchToHomePage(BaseExecution.java:115) - Switch back to Home page
[17 Dec 2018 11:52:32] [main] [INFO] [1] com.coding.base.BaseExecution.start(BaseExecution.java:67) - Starting Test testThatResultsAppearForAOneWayJourney -- With Description-- Fill Details and Search Hotels
[17 Dec 2018 11:52:58] [main] [INFO] [1] com.coding.uicontroller.Wait.waitforPageLoad(Wait.java:62) - pageState iscompletewith counter1
[17 Dec 2018 11:52:58] [main] [INFO] [1] com.coding.base.BaseExecution.assertEqual(BaseExecution.java:107) - --Actual : Search for hotels -- Expected : Search for hotels
[17 Dec 2018 11:53:00] [main] [ERROR] [1] com.coding.uicontroller.Click.buttonClick(Click.java:30) - Click Button Web Element Not Located : By.cssSelector: ul#ui-id-1>li>a
[17 Dec 2018 11:54:47] [main] [INFO] [1] com.coding.base.BaseExecution.createTestResult(BaseExecution.java:44) - Starting Browser with config--->CHROME-71
[17 Dec 2018 11:54:47] [main] [INFO] [1] com.coding.browser.LaunchBrowser.setDriver(LaunchBrowser.java:29) - Chrome_71 browser is selected
[17 Dec 2018 11:55:09] [main] [INFO] [1] com.coding.uicontroller.Wait.waitforPageLoad(Wait.java:62) - pageState iscompletewith counter1
[17 Dec 2018 11:55:09] [main] [INFO] [1] com.coding.base.BaseExecution.start(BaseExecution.java:67) - Starting Test shouldThrowAnErrorIfSignInDetailsAreMissing -- With Description-- Login without credientials
[17 Dec 2018 11:55:09] [main] [INFO] [1] com.coding.pages.SignInPage.loginInVerifyErrorMessage(SignInPage.java:17) - Click on User Profile Link
[17 Dec 2018 11:55:12] [main] [INFO] [1] com.coding.pages.SignInPage.loginInVerifyErrorMessage(SignInPage.java:19) - Click on SignIn Link
[17 Dec 2018 11:55:13] [main] [INFO] [1] com.coding.base.BaseExecution.assertEqual(BaseExecution.java:107) - --Actual : There were errors in your submission -- Expected : There were errors in your submission
[17 Dec 2018 11:55:13] [main] [INFO] [1] com.coding.pages.SignInPage.loginInVerifyErrorMessage(SignInPage.java:26) - Click on cross Icon
[17 Dec 2018 11:55:31] [main] [INFO] [1] com.coding.uicontroller.Wait.waitforPageLoad(Wait.java:62) - pageState iscompletewith counter1
[17 Dec 2018 11:55:31] [main] [INFO] [1] com.coding.base.BaseExecution.switchToHomePage(BaseExecution.java:115) - Switch back to Home page
[17 Dec 2018 11:55:31] [main] [INFO] [1] com.coding.base.BaseExecution.start(BaseExecution.java:67) - Starting Test testThatResultsAppearForAOneWayJourney -- With Description-- Fill Details and Search Flights
[17 Dec 2018 11:55:48] [main] [INFO] [1] com.coding.uicontroller.Wait.waitforPageLoad(Wait.java:62) - pageState iscompletewith counter1
[17 Dec 2018 11:55:48] [main] [INFO] [1] com.coding.base.BaseExecution.assertEqual(BaseExecution.java:107) - --Actual : Search flights -- Expected : Search flights
[17 Dec 2018 11:55:55] [main] [INFO] [1] com.coding.base.BaseExecution.assertEqual(BaseExecution.java:107) - --Actual : true -- Expected : true
[17 Dec 2018 11:55:55] [main] [INFO] [1] com.coding.pages.FlightBookingPage.fillDetailsSearchFlight(FlightBookingPage.java:35) - Seach Summary is Present
[17 Dec 2018 11:56:13] [main] [INFO] [1] com.coding.uicontroller.Wait.waitforPageLoad(Wait.java:62) - pageState iscompletewith counter1
[17 Dec 2018 11:56:13] [main] [INFO] [1] com.coding.base.BaseExecution.switchToHomePage(BaseExecution.java:115) - Switch back to Home page
[17 Dec 2018 11:56:13] [main] [INFO] [1] com.coding.base.BaseExecution.start(BaseExecution.java:67) - Starting Test testThatResultsAppearForAOneWayJourney -- With Description-- Fill Details and Search Hotels
[17 Dec 2018 11:56:33] [main] [INFO] [1] com.coding.uicontroller.Wait.waitforPageLoad(Wait.java:62) - pageState iscompletewith counter1
[17 Dec 2018 11:56:33] [main] [INFO] [1] com.coding.base.BaseExecution.assertEqual(BaseExecution.java:107) - --Actual : Search for hotels -- Expected : Search for hotels
[17 Dec 2018 11:56:35] [main] [ERROR] [1] com.coding.uicontroller.Click.buttonClick(Click.java:30) - Click Button Web Element Not Located : By.cssSelector: ul#ui-id-1>li>a
[17 Dec 2018 11:56:53] [main] [INFO] [1] com.coding.uicontroller.Wait.waitforPageLoad(Wait.java:62) - pageState iscompletewith counter1
[17 Dec 2018 11:56:53] [main] [INFO] [1] com.coding.base.BaseExecution.switchToHomePage(BaseExecution.java:115) - Switch back to Home page
[17 Dec 2018 11:56:53] [main] [INFO] [1] com.coding.base.BaseExecution.endTestResult(BaseExecution.java:55) - QUIT BROWSER :CHROME_71
[17 Dec 2018 11:56:53] [main] [INFO] [1] com.coding.base.BaseExecution.closeAllOpenedWindows(BaseExecution.java:95) - Closing All Instance of the Browser
[17 Dec 2018 11:56:54] [main] [INFO] [1] com.coding.base.BaseExecution.TerminateTest(BaseExecution.java:82) - Closing TestSuite.....
